Arguments: 
  /Users/search/.asdf/installs/nodejs/16.15.0/bin/node /Users/search/.yarn/bin/yarn.js init

PATH: 
  /Users/search/.asdf/plugins/nodejs/shims:/Users/search/.asdf/installs/nodejs/16.15.0/.npm/bin:/Users/search/.asdf/installs/nodejs/16.15.0/bin:/Users/search/.yarn/bin:/Users/search/.config/yarn/global/node_modules/.bin:/Library/Frameworks/Python.framework/Versions/3.10/bin:/Users/search/.asdf/shims:/opt/homebrew/opt/asdf/libexec/bin:/opt/homebrew/bin:/opt/homebrew/sbin:/usr/local/bin:/usr/local/bin:/usr/bin:/bin:/usr/sbin:/sbin:/Library/Apple/usr/bin:/Users/search/Library/Android/sdk/platform-tools:/Users/search/Library/Android/sdk/tools/bin:/Users/search/Library/Android/sdk/emulator

Yarn version: 
  1.22.19

Node version: 
  16.15.0

Platform: 
  darwin arm64

Trace: 
  Error: canceled
      at Interface.<anonymous> (/Users/search/.yarn/lib/cli.js:137150:13)
      at Interface.emit (node:events:527:28)
      at Interface._ttyWrite (node:readline:1081:16)
      at ReadStream.onkeypress (node:readline:288:10)
      at ReadStream.emit (node:events:527:28)
      at emitKeys (node:internal/readline/utils:358:14)
      at emitKeys.next (<anonymous>)
      at ReadStream.onData (node:internal/readline/emitKeypressEvents:61:36)
      at ReadStream.emit (node:events:527:28)
      at addChunk (node:internal/streams/readable:315:12)

npm manifest: 
  No manifest

yarn manifest: 
  No manifest

Lockfile: 
  No lockfile
